<?xml version="1.0" encoding="UTF-8"?>
<!-- Generated by org.testng.reporters.JUnitXMLReporter -->
<testsuite hostname="LAPTOP-8GHFP5NF" ignored="0" name="Personal_loan" tests="4" failures="0" timestamp="30 Mar 2020 09:56:17 GMT" time="123.336" errors="0">
  <testcase name="@BeforeMethod setUp" time="29.756" classname="Tests.Login">
    <failure type="org.openqa.selenium.NoSuchSessionException" message="Session ID is null. Using WebDriver after calling quit()?
Build info: version: &amp;apos;3.14.0&amp;apos;, revision: &amp;apos;aacccce0&amp;apos;, time: &amp;apos;2018-08-02T20:19:58.91Z&amp;apos;
System info: host: &amp;apos;LAPTOP-8GHFP5NF&amp;apos;, ip: &amp;apos;192.168.43.142&amp;apos;, os.name: &amp;apos;Windows 10&amp;apos;, os.arch: &amp;apos;amd64&amp;apos;, os.version: &amp;apos;10.0&amp;apos;, java.version: &amp;apos;1.8.0_241&amp;apos;
Driver info: driver.version: RemoteWebDriver">
      <![CDATA[org.openqa.selenium.NoSuchSessionException: Session ID is null. Using WebDriver after calling quit()?
Build info: version: '3.14.0', revision: 'aacccce0', time: '2018-08-02T20:19:58.91Z'
System info: host: 'LAPTOP-8GHFP5NF', ip: '192.168.43.142', os.name: 'Windows 10', os.arch: 'amd64', os.version: '10.0', java.version: '1.8.0_241'
Driver info: driver.version: RemoteWebDriver
at org.openqa.selenium.remote.HttpCommandExecutor.execute(HttpCommandExecutor.java:125)
at org.openqa.selenium.remote.service.DriverCommandExecutor.execute(DriverCommandExecutor.java:83)
at org.openqa.selenium.remote.RemoteWebDriver.execute(RemoteWebDriver.java:548)
at org.openqa.selenium.remote.RemoteWebDriver.execute(RemoteWebDriver.java:605)
at org.openqa.selenium.remote.RemoteWebDriver$RemoteNavigation.refresh(RemoteWebDriver.java:861)
at Base.BasePage.refreshPage(BasePage.java:70)
at Pages.LoginPage.login(LoginPage.java:36)
at Tests.Login.setUp(Login.java:42)
... Removed 28 stack frames]]>
    </failure>
  </testcase> <!-- @BeforeMethod setUp -->
  <testcase name="@AfterMethod tearDown" time="0.0" classname="Tests.Login">
    <skipped/>
  </testcase> <!-- @AfterMethod tearDown -->
  <testcase name="@BeforeMethod setUp" time="0.0" classname="Tests.Login">
    <skipped/>
  </testcase> <!-- @BeforeMethod setUp -->
  <testcase name="@AfterMethod tearDown" time="0.0" classname="Tests.Login">
    <skipped/>
  </testcase> <!-- @AfterMethod tearDown -->
  <testcase name="@BeforeMethod setUp" time="0.0" classname="Tests.Login">
    <skipped/>
  </testcase> <!-- @BeforeMethod setUp -->
  <testcase name="@AfterMethod tearDown" time="0.0" classname="Tests.Login">
    <skipped/>
  </testcase> <!-- @AfterMethod tearDown -->
  <testcase name="loginTest" time="0.134" classname="Tests.Login"/>
  <testcase name="switchProfileLanguageTest" time="0.0" classname="Tests.Login">
    <skipped/>
  </testcase> <!-- switchProfileLanguageTest -->
  <testcase name="verifyAllTabsTest" time="0.0" classname="Tests.Login">
    <skipped/>
  </testcase> <!-- verifyAllTabsTest -->
  <testcase name="verifyClientDetailsTest" time="0.0" classname="Tests.Login">
    <skipped/>
  </testcase> <!-- verifyClientDetailsTest -->
</testsuite> <!-- Personal_loan -->
